<?xml version="1.0" encoding="UTF-8"?>
<coverage generated="1614052809500" clover="3.2.0">
  <project timestamp="1614052809500" name="All files">
    <metrics statements="62" coveredstatements="41" conditionals="26" coveredconditionals="19" methods="29" coveredmethods="18" elements="117" coveredelements="78" complexity="0" loc="62" ncloc="62" packages="9" files="16" classes="16"/>
    <package name="components.Atoms">
      <metrics statements="0" coveredstatements="0" conditionals="0" coveredconditionals="0" methods="0" coveredmethods="0"/>
      <file name="index.ts" path="C:\Users\marcu\Documents\wiser-login\src\components\Atoms\index.ts">
        <metrics statements="0" coveredstatements="0" conditionals="0" coveredconditionals="0" methods="0" coveredmethods="0"/>
      </file>
    </package>
    <package name="components.Atoms.Button">
      <metrics statements="6" coveredstatements="5" conditionals="3" coveredconditionals="2" methods="3" coveredmethods="2"/>
      <file name="index.tsx" path="C:\Users\marcu\Documents\wiser-login\src\components\Atoms\Button\index.tsx">
        <metrics statements="2" coveredstatements="1" conditionals="1" coveredconditionals="0" methods="1" coveredmethods="0"/>
        <line num="9" count="1" type="cond" truecount="0" falsecount="1"/>
        <line num="10" count="0" type="stmt"/>
      </file>
      <file name="styles.ts" path="C:\Users\marcu\Documents\wiser-login\src\components\Atoms\Button\styles.ts">
        <metrics statements="4" coveredstatements="4" conditionals="2" coveredconditionals="2" methods="2" coveredmethods="2"/>
        <line num="8" count="1" type="stmt"/>
        <line num="9" count="10" type="stmt"/>
        <line num="14" count="1" type="stmt"/>
        <line num="15" count="10" type="stmt"/>
      </file>
    </package>
    <package name="components.Atoms.FormSignin">
      <metrics statements="13" coveredstatements="13" conditionals="10" coveredconditionals="8" methods="5" coveredmethods="5"/>
      <file name="index.tsx" path="C:\Users\marcu\Documents\wiser-login\src\components\Atoms\FormSignin\index.tsx">
        <metrics statements="5" coveredstatements="5" conditionals="10" coveredconditionals="8" methods="2" coveredmethods="2"/>
        <line num="23" count="1" type="stmt"/>
        <line num="24" count="2" type="stmt"/>
        <line num="39" count="10" type="stmt"/>
        <line num="98" count="1" type="stmt"/>
        <line num="103" count="1" type="stmt"/>
      </file>
      <file name="styles.ts" path="C:\Users\marcu\Documents\wiser-login\src\components\Atoms\FormSignin\styles.ts">
        <metrics statements="8" coveredstatements="8" conditionals="0" coveredconditionals="0" methods="3" coveredmethods="3"/>
        <line num="5" count="1" type="stmt"/>
        <line num="9" count="1" type="stmt"/>
        <line num="18" count="1" type="stmt"/>
        <line num="19" count="10" type="stmt"/>
        <line num="36" count="1" type="stmt"/>
        <line num="37" count="10" type="stmt"/>
        <line num="62" count="1" type="stmt"/>
        <line num="63" count="11" type="stmt"/>
      </file>
    </package>
    <package name="components.Atoms.Input">
      <metrics statements="16" coveredstatements="16" conditionals="9" coveredconditionals="7" methods="8" coveredmethods="8"/>
      <file name="index.tsx" path="C:\Users\marcu\Documents\wiser-login\src\components\Atoms\Input\index.tsx">
        <metrics statements="2" coveredstatements="2" conditionals="7" coveredconditionals="5" methods="1" coveredmethods="1"/>
        <line num="11" count="1" type="stmt"/>
        <line num="17" count="20" type="stmt"/>
      </file>
      <file name="styles.ts" path="C:\Users\marcu\Documents\wiser-login\src\components\Atoms\Input\styles.ts">
        <metrics statements="14" coveredstatements="14" conditionals="2" coveredconditionals="2" methods="7" coveredmethods="7"/>
        <line num="7" count="1" type="stmt"/>
        <line num="8" count="2" type="stmt"/>
        <line num="9" count="2" type="stmt"/>
        <line num="15" count="1" type="stmt"/>
        <line num="16" count="20" type="stmt"/>
        <line num="39" count="1" type="stmt"/>
        <line num="40" count="20" type="stmt"/>
        <line num="47" count="1" type="stmt"/>
        <line num="52" count="1" type="stmt"/>
        <line num="53" count="20" type="stmt"/>
        <line num="73" count="1" type="stmt"/>
        <line num="74" count="2" type="stmt"/>
        <line num="86" count="1" type="stmt"/>
        <line num="87" count="2" type="stmt"/>
      </file>
    </package>
    <package name="components.Atoms.Spinner">
      <metrics statements="5" coveredstatements="5" conditionals="2" coveredconditionals="2" methods="2" coveredmethods="2"/>
      <file name="index.tsx" path="C:\Users\marcu\Documents\wiser-login\src\components\Atoms\Spinner\index.tsx">
        <metrics statements="2" coveredstatements="2" conditionals="2" coveredconditionals="2" methods="1" coveredmethods="1"/>
        <line num="10" count="2" type="cond" truecount="2" falsecount="0"/>
        <line num="11" count="1" type="stmt"/>
      </file>
      <file name="styles.ts" path="C:\Users\marcu\Documents\wiser-login\src\components\Atoms\Spinner\styles.ts">
        <metrics statements="3" coveredstatements="3" conditionals="0" coveredconditionals="0" methods="1" coveredmethods="1"/>
        <line num="8" count="2" type="stmt"/>
        <line num="24" count="2" type="stmt"/>
        <line num="25" count="1" type="stmt"/>
      </file>
    </package>
    <package name="components.Atoms.ToastProvider">
      <metrics statements="6" coveredstatements="0" conditionals="2" coveredconditionals="0" methods="3" coveredmethods="0"/>
      <file name="index.tsx" path="C:\Users\marcu\Documents\wiser-login\src\components\Atoms\ToastProvider\index.tsx">
        <metrics statements="4" coveredstatements="0" conditionals="0" coveredconditionals="0" methods="2" coveredmethods="0"/>
        <line num="10" count="0" type="stmt"/>
        <line num="11" count="0" type="stmt"/>
        <line num="16" count="0" type="stmt"/>
        <line num="17" count="0" type="stmt"/>
      </file>
      <file name="styles.ts" path="C:\Users\marcu\Documents\wiser-login\src\components\Atoms\ToastProvider\styles.ts">
        <metrics statements="2" coveredstatements="0" conditionals="2" coveredconditionals="0" methods="1" coveredmethods="0"/>
        <line num="6" count="0" type="stmt"/>
        <line num="7" count="0" type="stmt"/>
      </file>
    </package>
    <package name="components.Templates.Auth">
      <metrics statements="14" coveredstatements="0" conditionals="0" coveredconditionals="0" methods="7" coveredmethods="0"/>
      <file name="index.tsx" path="C:\Users\marcu\Documents\wiser-login\src\components\Templates\Auth\index.tsx">
        <metrics statements="2" coveredstatements="0" conditionals="0" coveredconditionals="0" methods="1" coveredmethods="0"/>
        <line num="9" count="0" type="stmt"/>
        <line num="10" count="0" type="stmt"/>
      </file>
      <file name="styles.ts" path="C:\Users\marcu\Documents\wiser-login\src\components\Templates\Auth\styles.ts">
        <metrics statements="12" coveredstatements="0" conditionals="0" coveredconditionals="0" methods="6" coveredmethods="0"/>
        <line num="4" count="0" type="stmt"/>
        <line num="18" count="0" type="stmt"/>
        <line num="36" count="0" type="stmt"/>
        <line num="69" count="0" type="stmt"/>
        <line num="79" count="0" type="stmt"/>
        <line num="105" count="0" type="stmt"/>
        <line num="106" count="0" type="stmt"/>
        <line num="133" count="0" type="stmt"/>
        <line num="154" count="0" type="stmt"/>
        <line num="155" count="0" type="stmt"/>
        <line num="172" count="0" type="stmt"/>
        <line num="173" count="0" type="stmt"/>
      </file>
    </package>
    <package name="types">
      <metrics statements="0" coveredstatements="0" conditionals="0" coveredconditionals="0" methods="0" coveredmethods="0"/>
      <file name="jest-styled-components.d.ts" path="C:\Users\marcu\Documents\wiser-login\src\types\jest-styled-components.d.ts">
        <metrics statements="0" coveredstatements="0" conditionals="0" coveredconditionals="0" methods="0" coveredmethods="0"/>
      </file>
      <file name="styled-components.d.ts" path="C:\Users\marcu\Documents\wiser-login\src\types\styled-components.d.ts">
        <metrics statements="0" coveredstatements="0" conditionals="0" coveredconditionals="0" methods="0" coveredmethods="0"/>
      </file>
    </package>
    <package name="utils.tests">
      <metrics statements="2" coveredstatements="2" conditionals="0" coveredconditionals="0" methods="1" coveredmethods="1"/>
      <file name="helpers.tsx" path="C:\Users\marcu\Documents\wiser-login\src\utils\tests\helpers.tsx">
        <metrics statements="2" coveredstatements="2" conditionals="0" coveredconditionals="0" methods="1" coveredmethods="1"/>
        <line num="6" count="2" type="stmt"/>
        <line num="7" count="3" type="stmt"/>
      </file>
    </package>
  </project>
</coverage>
