{"C:\\Users\\marcu\\Documents\\wiser-login\\src\\components\\Atoms\\index.ts": {"path":"C:\\Users\\marcu\\Documents\\wiser-login\\src\\components\\Atoms\\index.ts","statementMap":{},"fnMap":{},"branchMap":{},"s":{},"f":{},"b":{},"_coverageSchema":"1a1c01bbd47fc00a2c39e90264f33305004495a9","hash":"fa80f99ed8b228e21c034ed9d882a8e2c4d69a0f"}
,"C:\\Users\\marcu\\Documents\\wiser-login\\src\\components\\Atoms\\Button\\index.tsx": {"path":"C:\\Users\\marcu\\Documents\\wiser-login\\src\\components\\Atoms\\Button\\index.tsx","statementMap":{"0":{"start":{"line":9,"column":15},"end":{"line":13,"column":1}},"1":{"start":{"line":10,"column":2},"end":{"line":12,"column":14}}},"fnMap":{"0":{"name":"(anonymous_0)","decl":{"start":{"line":9,"column":15},"end":{"line":9,"column":16}},"loc":{"start":{"line":10,"column":2},"end":{"line":12,"column":14}},"line":10}},"branchMap":{"0":{"loc":{"start":{"line":9,"column":28},"end":{"line":9,"column":45}},"type":"default-arg","locations":[{"start":{"line":9,"column":40},"end":{"line":9,"column":45}}],"line":9}},"s":{"0":1,"1":0},"f":{"0":0},"b":{"0":[0]},"_coverageSchema":"1a1c01bbd47fc00a2c39e90264f33305004495a9","hash":"d846d47bc52f9e7a1ea4f0d1cb75b2f82d19d2bb"}
,"C:\\Users\\marcu\\Documents\\wiser-login\\src\\components\\Atoms\\Button\\styles.ts": {"path":"C:\\Users\\marcu\\Documents\\wiser-login\\src\\components\\Atoms\\Button\\styles.ts","statementMap":{"0":{"start":{"line":8,"column":25},"end":{"line":12,"column":1}},"1":{"start":{"line":9,"column":19},"end":{"line":11,"column":3}},"2":{"start":{"line":14,"column":23},"end":{"line":45,"column":1}},"3":{"start":{"line":15,"column":30},"end":{"line":44,"column":3}}},"fnMap":{"0":{"name":"(anonymous_0)","decl":{"start":{"line":9,"column":13},"end":{"line":9,"column":14}},"loc":{"start":{"line":9,"column":19},"end":{"line":11,"column":3}},"line":9},"1":{"name":"(anonymous_1)","decl":{"start":{"line":15,"column":4},"end":{"line":15,"column":5}},"loc":{"start":{"line":15,"column":30},"end":{"line":44,"column":3}},"line":15}},"branchMap":{"0":{"loc":{"start":{"line":25,"column":6},"end":{"line":25,"column":49}},"type":"binary-expr","locations":[{"start":{"line":25,"column":6},"end":{"line":25,"column":17}},{"start":{"line":25,"column":21},"end":{"line":25,"column":49}}],"line":25}},"s":{"0":1,"1":10,"2":1,"3":10},"f":{"0":10,"1":10},"b":{"0":[10,10]},"_coverageSchema":"1a1c01bbd47fc00a2c39e90264f33305004495a9","hash":"7b1905f9aefe923585eb2a579f397237e831318a"}
,"C:\\Users\\marcu\\Documents\\wiser-login\\src\\components\\Atoms\\FormSignin\\index.tsx": {"path":"C:\\Users\\marcu\\Documents\\wiser-login\\src\\components\\Atoms\\FormSignin\\index.tsx","statementMap":{"0":{"start":{"line":23,"column":19},"end":{"line":96,"column":1}},"1":{"start":{"line":24,"column":2},"end":{"line":95,"column":3}},"2":{"start":{"line":39,"column":10},"end":{"line":91,"column":11}},"3":{"start":{"line":98,"column":34},"end":{"line":101,"column":1}},"4":{"start":{"line":103,"column":20},"end":{"line":110,"column":2}}},"fnMap":{"0":{"name":"(anonymous_0)","decl":{"start":{"line":23,"column":19},"end":{"line":23,"column":20}},"loc":{"start":{"line":23,"column":61},"end":{"line":96,"column":1}},"line":23},"1":{"name":"(anonymous_1)","decl":{"start":{"line":31,"column":9},"end":{"line":31,"column":10}},"loc":{"start":{"line":38,"column":14},"end":{"line":92,"column":9}},"line":38}},"branchMap":{"0":{"loc":{"start":{"line":50,"column":23},"end":{"line":50,"column":67}},"type":"cond-expr","locations":[{"start":{"line":50,"column":55},"end":{"line":50,"column":59}},{"start":{"line":50,"column":62},"end":{"line":50,"column":67}}],"line":50},"1":{"loc":{"start":{"line":50,"column":23},"end":{"line":50,"column":52}},"type":"binary-expr","locations":[{"start":{"line":50,"column":23},"end":{"line":50,"column":35}},{"start":{"line":50,"column":39},"end":{"line":50,"column":52}}],"line":50},"2":{"loc":{"start":{"line":64,"column":23},"end":{"line":64,"column":73}},"type":"cond-expr","locations":[{"start":{"line":64,"column":61},"end":{"line":64,"column":65}},{"start":{"line":64,"column":68},"end":{"line":64,"column":73}}],"line":64},"3":{"loc":{"start":{"line":64,"column":23},"end":{"line":64,"column":58}},"type":"binary-expr","locations":[{"start":{"line":64,"column":23},"end":{"line":64,"column":38}},{"start":{"line":64,"column":42},"end":{"line":64,"column":58}}],"line":64},"4":{"loc":{"start":{"line":68,"column":15},"end":{"line":82,"column":15}},"type":"cond-expr","locations":[{"start":{"line":69,"column":16},"end":{"line":73,"column":18}},{"start":{"line":75,"column":16},"end":{"line":81,"column":40}}],"line":68}},"s":{"0":1,"1":2,"2":10,"3":1,"4":1},"f":{"0":2,"1":10},"b":{"0":[2,8],"1":[10,3],"2":[0,10],"3":[10,2],"4":[0,10]},"_coverageSchema":"1a1c01bbd47fc00a2c39e90264f33305004495a9","hash":"2bd07bf624ec70d08a4127e75d46efa3d4330f27"}
,"C:\\Users\\marcu\\Documents\\wiser-login\\src\\components\\Atoms\\FormSignin\\styles.ts": {"path":"C:\\Users\\marcu\\Documents\\wiser-login\\src\\components\\Atoms\\FormSignin\\styles.ts","statementMap":{"0":{"start":{"line":5,"column":23},"end":{"line":7,"column":1}},"1":{"start":{"line":9,"column":20},"end":{"line":16,"column":1}},"2":{"start":{"line":18,"column":35},"end":{"line":34,"column":1}},"3":{"start":{"line":19,"column":19},"end":{"line":33,"column":3}},"4":{"start":{"line":36,"column":33},"end":{"line":60,"column":1}},"5":{"start":{"line":37,"column":19},"end":{"line":59,"column":3}},"6":{"start":{"line":62,"column":24},"end":{"line":73,"column":1}},"7":{"start":{"line":63,"column":19},"end":{"line":72,"column":3}}},"fnMap":{"0":{"name":"(anonymous_0)","decl":{"start":{"line":19,"column":4},"end":{"line":19,"column":5}},"loc":{"start":{"line":19,"column":19},"end":{"line":33,"column":3}},"line":19},"1":{"name":"(anonymous_1)","decl":{"start":{"line":37,"column":4},"end":{"line":37,"column":5}},"loc":{"start":{"line":37,"column":19},"end":{"line":59,"column":3}},"line":37},"2":{"name":"(anonymous_2)","decl":{"start":{"line":63,"column":4},"end":{"line":63,"column":5}},"loc":{"start":{"line":63,"column":19},"end":{"line":72,"column":3}},"line":63}},"branchMap":{},"s":{"0":1,"1":1,"2":1,"3":10,"4":1,"5":10,"6":1,"7":11},"f":{"0":10,"1":10,"2":11},"b":{},"_coverageSchema":"1a1c01bbd47fc00a2c39e90264f33305004495a9","hash":"4ea7dbb215f8d10d0e640e54036f9c4ca2bf232c"}
,"C:\\Users\\marcu\\Documents\\wiser-login\\src\\components\\Atoms\\Input\\index.tsx": {"path":"C:\\Users\\marcu\\Documents\\wiser-login\\src\\components\\Atoms\\Input\\index.tsx","statementMap":{"0":{"start":{"line":11,"column":14},"end":{"line":31,"column":1}},"1":{"start":{"line":17,"column":2},"end":{"line":30,"column":14}}},"fnMap":{"0":{"name":"(anonymous_0)","decl":{"start":{"line":11,"column":14},"end":{"line":11,"column":15}},"loc":{"start":{"line":17,"column":2},"end":{"line":30,"column":14}},"line":17}},"branchMap":{"0":{"loc":{"start":{"line":12,"column":2},"end":{"line":12,"column":21}},"type":"default-arg","locations":[{"start":{"line":12,"column":14},"end":{"line":12,"column":21}}],"line":12},"1":{"loc":{"start":{"line":13,"column":2},"end":{"line":13,"column":15}},"type":"default-arg","locations":[{"start":{"line":13,"column":10},"end":{"line":13,"column":15}}],"line":13},"2":{"loc":{"start":{"line":14,"column":2},"end":{"line":14,"column":21}},"type":"default-arg","locations":[{"start":{"line":14,"column":14},"end":{"line":14,"column":21}}],"line":14},"3":{"loc":{"start":{"line":21,"column":7},"end":{"line":23,"column":7}},"type":"binary-expr","locations":[{"start":{"line":21,"column":7},"end":{"line":21,"column":14}},{"start":{"line":22,"column":8},"end":{"line":22,"column":79}}],"line":21},"4":{"loc":{"start":{"line":25,"column":5},"end":{"line":29,"column":5}},"type":"binary-expr","locations":[{"start":{"line":25,"column":5},"end":{"line":25,"column":12}},{"start":{"line":26,"column":6},"end":{"line":28,"column":23}}],"line":25}},"s":{"0":1,"1":20},"f":{"0":20},"b":{"0":[0],"1":[0],"2":[15],"3":[20,2],"4":[20,2]},"_coverageSchema":"1a1c01bbd47fc00a2c39e90264f33305004495a9","hash":"5a32e6736a2961d80c914781ce8a6a609de4197f"}
,"C:\\Users\\marcu\\Documents\\wiser-login\\src\\components\\Atoms\\Input\\styles.ts": {"path":"C:\\Users\\marcu\\Documents\\wiser-login\\src\\components\\Atoms\\Input\\styles.ts","statementMap":{"0":{"start":{"line":7,"column":23},"end":{"line":13,"column":1}},"1":{"start":{"line":8,"column":15},"end":{"line":12,"column":3}},"2":{"start":{"line":9,"column":21},"end":{"line":11,"column":5}},"3":{"start":{"line":15,"column":23},"end":{"line":37,"column":1}},"4":{"start":{"line":16,"column":19},"end":{"line":36,"column":3}},"5":{"start":{"line":39,"column":21},"end":{"line":45,"column":1}},"6":{"start":{"line":40,"column":19},"end":{"line":44,"column":3}},"7":{"start":{"line":47,"column":28},"end":{"line":50,"column":1}},"8":{"start":{"line":52,"column":21},"end":{"line":71,"column":1}},"9":{"start":{"line":53,"column":26},"end":{"line":70,"column":3}},"10":{"start":{"line":73,"column":28},"end":{"line":84,"column":1}},"11":{"start":{"line":74,"column":19},"end":{"line":83,"column":3}},"12":{"start":{"line":86,"column":25},"end":{"line":98,"column":1}},"13":{"start":{"line":87,"column":19},"end":{"line":97,"column":3}}},"fnMap":{"0":{"name":"(anonymous_0)","decl":{"start":{"line":8,"column":9},"end":{"line":8,"column":10}},"loc":{"start":{"line":8,"column":15},"end":{"line":12,"column":3}},"line":8},"1":{"name":"(anonymous_1)","decl":{"start":{"line":9,"column":6},"end":{"line":9,"column":7}},"loc":{"start":{"line":9,"column":21},"end":{"line":11,"column":5}},"line":9},"2":{"name":"(anonymous_2)","decl":{"start":{"line":16,"column":4},"end":{"line":16,"column":5}},"loc":{"start":{"line":16,"column":19},"end":{"line":36,"column":3}},"line":16},"3":{"name":"(anonymous_3)","decl":{"start":{"line":40,"column":4},"end":{"line":40,"column":5}},"loc":{"start":{"line":40,"column":19},"end":{"line":44,"column":3}},"line":40},"4":{"name":"(anonymous_4)","decl":{"start":{"line":53,"column":4},"end":{"line":53,"column":5}},"loc":{"start":{"line":53,"column":26},"end":{"line":70,"column":3}},"line":53},"5":{"name":"(anonymous_5)","decl":{"start":{"line":74,"column":4},"end":{"line":74,"column":5}},"loc":{"start":{"line":74,"column":19},"end":{"line":83,"column":3}},"line":74},"6":{"name":"(anonymous_6)","decl":{"start":{"line":87,"column":4},"end":{"line":87,"column":5}},"loc":{"start":{"line":87,"column":19},"end":{"line":97,"column":3}},"line":87}},"branchMap":{"0":{"loc":{"start":{"line":65,"column":6},"end":{"line":65,"column":39}},"type":"binary-expr","locations":[{"start":{"line":65,"column":6},"end":{"line":65,"column":13}},{"start":{"line":65,"column":17},"end":{"line":65,"column":39}}],"line":65}},"s":{"0":1,"1":2,"2":2,"3":1,"4":20,"5":1,"6":20,"7":1,"8":1,"9":20,"10":1,"11":2,"12":1,"13":2},"f":{"0":2,"1":2,"2":20,"3":20,"4":20,"5":2,"6":2},"b":{"0":[20,2]},"_coverageSchema":"1a1c01bbd47fc00a2c39e90264f33305004495a9","hash":"60e96d870219586189dace7610432105129a206e"}
,"C:\\Users\\marcu\\Documents\\wiser-login\\src\\components\\Atoms\\Spinner\\index.tsx": {"path":"C:\\Users\\marcu\\Documents\\wiser-login\\src\\components\\Atoms\\Spinner\\index.tsx","statementMap":{"0":{"start":{"line":10,"column":16},"end":{"line":23,"column":1}},"1":{"start":{"line":11,"column":2},"end":{"line":22,"column":14}}},"fnMap":{"0":{"name":"(anonymous_0)","decl":{"start":{"line":10,"column":16},"end":{"line":10,"column":17}},"loc":{"start":{"line":11,"column":2},"end":{"line":22,"column":14}},"line":11}},"branchMap":{"0":{"loc":{"start":{"line":10,"column":19},"end":{"line":10,"column":47}},"type":"default-arg","locations":[{"start":{"line":10,"column":27},"end":{"line":10,"column":47}}],"line":10},"1":{"loc":{"start":{"line":10,"column":49},"end":{"line":10,"column":58}},"type":"default-arg","locations":[{"start":{"line":10,"column":56},"end":{"line":10,"column":58}}],"line":10}},"s":{"0":2,"1":1},"f":{"0":1},"b":{"0":[1],"1":[1]},"_coverageSchema":"1a1c01bbd47fc00a2c39e90264f33305004495a9","hash":"1c3127972b684e919f5ae82bfe27968c41a77540"}
,"C:\\Users\\marcu\\Documents\\wiser-login\\src\\components\\Atoms\\Spinner\\styles.ts": {"path":"C:\\Users\\marcu\\Documents\\wiser-login\\src\\components\\Atoms\\Spinner\\styles.ts","statementMap":{"0":{"start":{"line":8,"column":23},"end":{"line":22,"column":1}},"1":{"start":{"line":24,"column":23},"end":{"line":64,"column":1}},"2":{"start":{"line":25,"column":18},"end":{"line":37,"column":3}}},"fnMap":{"0":{"name":"(anonymous_0)","decl":{"start":{"line":25,"column":4},"end":{"line":25,"column":5}},"loc":{"start":{"line":25,"column":18},"end":{"line":37,"column":3}},"line":25}},"branchMap":{},"s":{"0":2,"1":2,"2":1},"f":{"0":1},"b":{},"_coverageSchema":"1a1c01bbd47fc00a2c39e90264f33305004495a9","hash":"f81f7dfea7364d75a75f67f61c0338edab734eb1"}
,"C:\\Users\\marcu\\Documents\\wiser-login\\src\\components\\Atoms\\ToastProvider\\index.tsx": {"path":"C:\\Users\\marcu\\Documents\\wiser-login\\src\\components\\Atoms\\ToastProvider\\index.tsx","statementMap":{"0":{"start":{"line":10,"column":26},"end":{"line":14,"column":1}},"1":{"start":{"line":11,"column":2},"end":{"line":13,"column":26}},"2":{"start":{"line":16,"column":29},"end":{"line":28,"column":1}},"3":{"start":{"line":17,"column":2},"end":{"line":27,"column":8}}},"fnMap":{"0":{"name":"(anonymous_0)","decl":{"start":{"line":10,"column":26},"end":{"line":10,"column":27}},"loc":{"start":{"line":11,"column":2},"end":{"line":13,"column":26}},"line":11},"1":{"name":"(anonymous_1)","decl":{"start":{"line":16,"column":29},"end":{"line":16,"column":30}},"loc":{"start":{"line":17,"column":2},"end":{"line":27,"column":8}},"line":17}},"branchMap":{},"s":{"0":0,"1":0,"2":0,"3":0},"f":{"0":0,"1":0},"b":{}}
,"C:\\Users\\marcu\\Documents\\wiser-login\\src\\components\\Atoms\\ToastProvider\\styles.ts": {"path":"C:\\Users\\marcu\\Documents\\wiser-login\\src\\components\\Atoms\\ToastProvider\\styles.ts","statementMap":{"0":{"start":{"line":6,"column":35},"end":{"line":22,"column":1}},"1":{"start":{"line":7,"column":26},"end":{"line":21,"column":3}}},"fnMap":{"0":{"name":"(anonymous_0)","decl":{"start":{"line":7,"column":4},"end":{"line":7,"column":5}},"loc":{"start":{"line":7,"column":26},"end":{"line":21,"column":3}},"line":7}},"branchMap":{"0":{"loc":{"start":{"line":20,"column":18},"end":{"line":20,"column":67}},"type":"cond-expr","locations":[{"start":{"line":20,"column":26},"end":{"line":20,"column":44}},{"start":{"line":20,"column":47},"end":{"line":20,"column":67}}],"line":20}},"s":{"0":0,"1":0},"f":{"0":0},"b":{"0":[0,0]}}
,"C:\\Users\\marcu\\Documents\\wiser-login\\src\\components\\Templates\\Auth\\index.tsx": {"path":"C:\\Users\\marcu\\Documents\\wiser-login\\src\\components\\Templates\\Auth\\index.tsx","statementMap":{"0":{"start":{"line":9,"column":13},"end":{"line":22,"column":1}},"1":{"start":{"line":10,"column":2},"end":{"line":21,"column":14}}},"fnMap":{"0":{"name":"(anonymous_0)","decl":{"start":{"line":9,"column":13},"end":{"line":9,"column":14}},"loc":{"start":{"line":10,"column":2},"end":{"line":21,"column":14}},"line":10}},"branchMap":{},"s":{"0":0,"1":0},"f":{"0":0},"b":{}}
,"C:\\Users\\marcu\\Documents\\wiser-login\\src\\components\\Templates\\Auth\\styles.ts": {"path":"C:\\Users\\marcu\\Documents\\wiser-login\\src\\components\\Templates\\Auth\\styles.ts","statementMap":{"0":{"start":{"line":4,"column":23},"end":{"line":67,"column":1}},"1":{"start":{"line":18,"column":21},"end":{"line":32,"column":5}},"2":{"start":{"line":36,"column":21},"end":{"line":44,"column":5}},"3":{"start":{"line":69,"column":28},"end":{"line":103,"column":1}},"4":{"start":{"line":79,"column":21},"end":{"line":92,"column":5}},"5":{"start":{"line":105,"column":30},"end":{"line":132,"column":1}},"6":{"start":{"line":106,"column":19},"end":{"line":113,"column":3}},"7":{"start":{"line":133,"column":23},"end":{"line":152,"column":1}},"8":{"start":{"line":154,"column":21},"end":{"line":171,"column":1}},"9":{"start":{"line":155,"column":19},"end":{"line":170,"column":3}},"10":{"start":{"line":172,"column":27},"end":{"line":188,"column":1}},"11":{"start":{"line":173,"column":19},"end":{"line":187,"column":3}}},"fnMap":{"0":{"name":"(anonymous_0)","decl":{"start":{"line":18,"column":6},"end":{"line":18,"column":7}},"loc":{"start":{"line":18,"column":21},"end":{"line":32,"column":5}},"line":18},"1":{"name":"(anonymous_1)","decl":{"start":{"line":36,"column":6},"end":{"line":36,"column":7}},"loc":{"start":{"line":36,"column":21},"end":{"line":44,"column":5}},"line":36},"2":{"name":"(anonymous_2)","decl":{"start":{"line":79,"column":6},"end":{"line":79,"column":7}},"loc":{"start":{"line":79,"column":21},"end":{"line":92,"column":5}},"line":79},"3":{"name":"(anonymous_3)","decl":{"start":{"line":106,"column":4},"end":{"line":106,"column":5}},"loc":{"start":{"line":106,"column":19},"end":{"line":113,"column":3}},"line":106},"4":{"name":"(anonymous_4)","decl":{"start":{"line":155,"column":4},"end":{"line":155,"column":5}},"loc":{"start":{"line":155,"column":19},"end":{"line":170,"column":3}},"line":155},"5":{"name":"(anonymous_5)","decl":{"start":{"line":173,"column":4},"end":{"line":173,"column":5}},"loc":{"start":{"line":173,"column":19},"end":{"line":187,"column":3}},"line":173}},"branchMap":{},"s":{"0":0,"1":0,"2":0,"3":0,"4":0,"5":0,"6":0,"7":0,"8":0,"9":0,"10":0,"11":0},"f":{"0":0,"1":0,"2":0,"3":0,"4":0,"5":0},"b":{}}
,"C:\\Users\\marcu\\Documents\\wiser-login\\src\\types\\jest-styled-components.d.ts": {"path":"C:\\Users\\marcu\\Documents\\wiser-login\\src\\types\\jest-styled-components.d.ts","statementMap":{},"fnMap":{},"branchMap":{},"s":{},"f":{},"b":{}}
,"C:\\Users\\marcu\\Documents\\wiser-login\\src\\types\\styled-components.d.ts": {"path":"C:\\Users\\marcu\\Documents\\wiser-login\\src\\types\\styled-components.d.ts","statementMap":{},"fnMap":{},"branchMap":{},"s":{},"f":{},"b":{}}
,"C:\\Users\\marcu\\Documents\\wiser-login\\src\\utils\\tests\\helpers.tsx": {"path":"C:\\Users\\marcu\\Documents\\wiser-login\\src\\utils\\tests\\helpers.tsx","statementMap":{"0":{"start":{"line":6,"column":31},"end":{"line":7,"column":65}},"1":{"start":{"line":7,"column":2},"end":{"line":7,"column":65}}},"fnMap":{"0":{"name":"(anonymous_0)","decl":{"start":{"line":6,"column":31},"end":{"line":6,"column":32}},"loc":{"start":{"line":7,"column":2},"end":{"line":7,"column":65}},"line":7}},"branchMap":{},"s":{"0":2,"1":3},"f":{"0":3},"b":{},"_coverageSchema":"1a1c01bbd47fc00a2c39e90264f33305004495a9","hash":"f753bc5269c413e545db59be19cf75bb87b33809"}
}
