TN:
SF:src\components\Atoms\index.ts
FNF:0
FNH:0
LF:0
LH:0
BRF:0
BRH:0
end_of_record
TN:
SF:src\components\Atoms\Button\index.tsx
FN:9,(anonymous_0)
FNF:1
FNH:1
FNDA:2,(anonymous_0)
DA:9,2
DA:10,2
LF:2
LH:2
BRDA:9,0,0,1
BRF:1
BRH:1
end_of_record
TN:
SF:src\components\Atoms\Button\styles.ts
FN:9,(anonymous_0)
FN:15,(anonymous_1)
FNF:2
FNH:2
FNDA:11,(anonymous_0)
FNDA:12,(anonymous_1)
DA:8,2
DA:9,11
DA:14,2
DA:15,12
LF:4
LH:4
BRDA:25,0,0,12
BRDA:25,0,1,11
BRF:2
BRH:2
end_of_record
TN:
SF:src\components\Atoms\FormSignin\index.tsx
FN:23,(anonymous_0)
FN:31,(anonymous_1)
FNF:2
FNH:2
FNDA:2,(anonymous_0)
FNDA:10,(anonymous_1)
DA:23,1
DA:24,2
DA:39,10
DA:98,1
DA:103,1
LF:5
LH:5
BRDA:50,0,0,2
BRDA:50,0,1,8
BRDA:50,1,0,10
BRDA:50,1,1,3
BRDA:64,2,0,0
BRDA:64,2,1,10
BRDA:64,3,0,10
BRDA:64,3,1,2
BRDA:68,4,0,0
BRDA:68,4,1,10
BRF:10
BRH:8
end_of_record
TN:
SF:src\components\Atoms\FormSignin\styles.ts
FN:19,(anonymous_0)
FN:37,(anonymous_1)
FN:63,(anonymous_2)
FNF:3
FNH:3
FNDA:10,(anonymous_0)
FNDA:10,(anonymous_1)
FNDA:11,(anonymous_2)
DA:5,1
DA:9,1
DA:18,1
DA:19,10
DA:36,1
DA:37,10
DA:62,1
DA:63,11
LF:8
LH:8
BRF:0
BRH:0
end_of_record
TN:
SF:src\components\Atoms\Input\index.tsx
FN:11,(anonymous_0)
FNF:1
FNH:1
FNDA:24,(anonymous_0)
DA:11,2
DA:17,24
LF:2
LH:2
BRDA:12,0,0,0
BRDA:13,1,0,0
BRDA:14,2,0,19
BRDA:21,3,0,24
BRDA:21,3,1,3
BRDA:25,4,0,24
BRDA:25,4,1,3
BRF:7
BRH:5
end_of_record
TN:
SF:src\components\Atoms\Input\styles.ts
FN:8,(anonymous_0)
FN:9,(anonymous_1)
FN:16,(anonymous_2)
FN:40,(anonymous_3)
FN:53,(anonymous_4)
FN:74,(anonymous_5)
FN:87,(anonymous_6)
FNF:7
FNH:7
FNDA:3,(anonymous_0)
FNDA:3,(anonymous_1)
FNDA:24,(anonymous_2)
FNDA:24,(anonymous_3)
FNDA:24,(anonymous_4)
FNDA:3,(anonymous_5)
FNDA:3,(anonymous_6)
DA:7,2
DA:8,3
DA:9,3
DA:15,2
DA:16,24
DA:39,2
DA:40,24
DA:47,2
DA:52,2
DA:53,24
DA:73,2
DA:74,3
DA:86,2
DA:87,3
LF:14
LH:14
BRDA:65,0,0,24
BRDA:65,0,1,3
BRF:2
BRH:2
end_of_record
TN:
SF:src\components\Atoms\Spinner\index.tsx
FN:10,(anonymous_0)
FNF:1
FNH:1
FNDA:1,(anonymous_0)
DA:10,2
DA:11,1
LF:2
LH:2
BRDA:10,0,0,1
BRDA:10,1,0,1
BRF:2
BRH:2
end_of_record
TN:
SF:src\components\Atoms\Spinner\styles.ts
FN:25,(anonymous_0)
FNF:1
FNH:1
FNDA:1,(anonymous_0)
DA:8,2
DA:24,2
DA:25,1
LF:3
LH:3
BRF:0
BRH:0
end_of_record
TN:
SF:src\components\Atoms\ToastProvider\index.tsx
FN:10,(anonymous_0)
FN:16,(anonymous_1)
FNF:2
FNH:2
FNDA:2,(anonymous_0)
FNDA:1,(anonymous_1)
DA:10,1
DA:11,2
DA:16,1
DA:17,1
LF:4
LH:4
BRF:0
BRH:0
end_of_record
TN:
SF:src\components\Atoms\ToastProvider\styles.ts
FN:7,(anonymous_0)
FNF:1
FNH:1
FNDA:2,(anonymous_0)
DA:6,1
DA:7,2
LF:2
LH:2
BRDA:20,0,0,1
BRDA:20,0,1,1
BRF:2
BRH:2
end_of_record
TN:
SF:src\components\Templates\Auth\index.tsx
FN:9,(anonymous_0)
FNF:1
FNH:1
FNDA:1,(anonymous_0)
DA:9,1
DA:10,1
LF:2
LH:2
BRF:0
BRH:0
end_of_record
TN:
SF:src\components\Templates\Auth\styles.ts
FN:18,(anonymous_0)
FN:36,(anonymous_1)
FN:79,(anonymous_2)
FN:106,(anonymous_3)
FN:155,(anonymous_4)
FN:173,(anonymous_5)
FNF:6
FNH:6
FNDA:1,(anonymous_0)
FNDA:1,(anonymous_1)
FNDA:1,(anonymous_2)
FNDA:1,(anonymous_3)
FNDA:1,(anonymous_4)
FNDA:1,(anonymous_5)
DA:4,1
DA:18,1
DA:36,1
DA:69,1
DA:79,1
DA:105,1
DA:106,1
DA:133,1
DA:154,1
DA:155,1
DA:172,1
DA:173,1
LF:12
LH:12
BRF:0
BRH:0
end_of_record
TN:
SF:src\types\jest-styled-components.d.ts
FNF:0
FNH:0
LF:0
LH:0
BRF:0
BRH:0
end_of_record
TN:
SF:src\types\styled-components.d.ts
FNF:0
FNH:0
LF:0
LH:0
BRF:0
BRH:0
end_of_record
TN:
SF:src\utils\tests\helpers.tsx
FN:6,(anonymous_0)
FNF:1
FNH:1
FNDA:13,(anonymous_0)
DA:6,6
DA:7,13
LF:2
LH:2
BRF:0
BRH:0
end_of_record
